<?xml version="1.0" encoding="UTF-8"?>
<!-- Generated by org.testng.reporters.JUnitReportReporter -->
<testsuite hostname="IDEAPAD-3SVU5AJ4" failures="0" tests="1" name="com.sinha.testCases.BankManagerLoginTest" time="1.102" errors="0" timestamp="2023-08-09T22:33:05 IST" skipped="0">
  <testcase classname="com.sinha.testCases.BankManagerLoginTest" name="bankManagerLogin" time="1.102"/>
</testsuite> <!-- com.sinha.testCases.BankManagerLoginTest -->
