<?xml version="1.0" encoding="UTF-8"?>
<!-- Generated by org.testng.reporters.JUnitReportReporter -->
<testsuite hostname="IDEAPAD-3SVU5AJ4" failures="0" tests="4" name="com.sinha.testCases.AddCustomerTest" time="13.634" errors="0" timestamp="2023-08-09T22:33:05 IST" skipped="0">
  <testcase classname="com.sinha.testCases.AddCustomerTest" name="verifyAddedCustomer" time="3.239"/>
  <testcase classname="com.sinha.testCases.AddCustomerTest" name="addCustomer" time="3.462"/>
  <testcase classname="com.sinha.testCases.AddCustomerTest" name="verifyAddedCustomer" time="3.572"/>
  <testcase classname="com.sinha.testCases.AddCustomerTest" name="addCustomer" time="3.361"/>
</testsuite> <!-- com.sinha.testCases.AddCustomerTest -->
