<?xml version="1.0" encoding="UTF-8"?>
<!-- Generated by org.testng.reporters.JUnitReportReporter -->
<testsuite hostname="IDEAPAD-3SVU5AJ4" failures="0" tests="4" name="com.sinha.testCases.OpenAccountTest" time="1.482" errors="0" timestamp="2023-08-19T20:27:57 IST" skipped="0">
  <testcase classname="com.sinha.testCases.OpenAccountTest" name="openAccountTest" time="0.349"/>
  <testcase classname="com.sinha.testCases.OpenAccountTest" name="openAccountTest" time="0.585"/>
  <testcase classname="com.sinha.testCases.OpenAccountTest" name="verifyAccountId" time="0.347"/>
  <testcase classname="com.sinha.testCases.OpenAccountTest" name="verifyAccountId" time="0.201"/>
</testsuite> <!-- com.sinha.testCases.OpenAccountTest -->
