<?xml version="1.0" encoding="UTF-8"?>
<!-- Generated by org.testng.reporters.JUnitReportReporter -->
<testsuite hostname="IDEAPAD-3SVU5AJ4" failures="0" tests="4" name="com.sinha.testCases.AddCustomerTest" time="14.007" errors="0" timestamp="2023-08-19T20:27:57 IST" skipped="0">
  <testcase classname="com.sinha.testCases.AddCustomerTest" name="addCustomer" time="3.693"/>
  <testcase classname="com.sinha.testCases.AddCustomerTest" name="verifyAddedCustomer" time="3.593"/>
  <testcase classname="com.sinha.testCases.AddCustomerTest" name="addCustomer" time="3.525"/>
  <testcase classname="com.sinha.testCases.AddCustomerTest" name="verifyAddedCustomer" time="3.196"/>
</testsuite> <!-- com.sinha.testCases.AddCustomerTest -->
